[2026-05-17 10:53:39] =========================================
[2026-05-17 10:53:39] Starting transformation: Sun May 17 10:53:39 CEST 2026
[2026-05-17 10:53:39] Source: /mnt/f/tmp/SVP
[2026-05-17 10:53:39] Output: /mnt/f/MDs/SVP
[2026-05-17 10:53:39] =========================================
[2026-05-17 10:53:39] Processing PDF: 0Skolnivzdelavaciprogram1.ZSPlzen.pdf
[2026-05-17 10:53:49]   + Converted PDF (text-based) -> Markdown
[2026-05-17 10:53:49] Processing PDF: SVP_3.-9.-rocnik-web.pdf
[2026-05-17 10:53:52]   + Converted PDF (text-based) -> Markdown
[2026-05-17 10:53:52] Processing PDF: ŠVP Blatnice 2024.pdf
[2026-05-17 10:53:57]   + Converted PDF (text-based) -> Markdown
[2026-05-17 10:53:57] Processing XLSX: Aj_osnovy - rozšířená AJ.xlsx
[2026-05-17 10:54:01]   + Converted XLSX -> Markdown table
[2026-05-17 10:54:01] Processing XLSX: Aj_osnovy .xlsx
[2026-05-17 10:54:03]   + Converted XLSX -> Markdown table
[2026-05-17 10:54:03] Processing XLSX: CH_osnovy.xlsx
[2026-05-17 10:54:05]   + Converted XLSX -> Markdown table
[2026-05-17 10:54:05] Processing XLSX: CJaL_osnovy.xlsx
[2026-05-17 10:54:07]   + Converted XLSX -> Markdown table
[2026-05-17 10:54:07] Processing XLSX: D_osnovy.xlsx
[2026-05-17 10:54:09]   + Converted XLSX -> Markdown table
[2026-05-17 10:54:09] Processing XLSX: F_osnovy.xlsx
[2026-05-17 10:54:11]   + Converted XLSX -> Markdown table
[2026-05-17 10:54:11] Processing XLSX: HV_osnovy.xlsx
[2026-05-17 10:54:13]   + Converted XLSX -> Markdown table
[2026-05-17 10:54:13] Processing XLSX: INF_osnovy.xlsx
[2026-05-17 10:54:15]   + Converted XLSX -> Markdown table
[2026-05-17 10:54:15] Processing XLSX: M_7_VV.xlsx
[2026-05-17 10:54:17]   + Converted XLSX -> Markdown table
[2026-05-17 10:54:17] Processing XLSX: M_osnovy.xlsx
[2026-05-17 10:54:19]   + Converted XLSX -> Markdown table
[2026-05-17 10:54:19] Processing XLSX: NJ_osnovy - běžná třída.xlsx
[2026-05-17 10:54:22]   + Converted XLSX -> Markdown table
[2026-05-17 10:54:22] Processing XLSX: NJ_osnovy - rozšířená výuka.xlsx
[2026-05-17 10:54:24]   + Converted XLSX -> Markdown table
[2026-05-17 10:54:24] Processing XLSX: OV_osnovy.xlsx
[2026-05-17 10:54:26]   + Converted XLSX -> Markdown table
[2026-05-17 10:54:26] Processing XLSX: PRV_osnovy.xlsx
[2026-05-17 10:54:28]   + Converted XLSX -> Markdown table
[2026-05-17 10:54:28] Processing XLSX: PV_osnovy_I.st.xlsx
[2026-05-17 10:54:30]   + Converted XLSX -> Markdown table
[2026-05-17 10:54:31] Processing XLSX: PV_osnovy_II.st_ H.xlsx
[2026-05-17 10:54:33]   + Converted XLSX -> Markdown table
[2026-05-17 10:54:33] Processing XLSX: PV_osnovy_II.st_D.xlsx
[2026-05-17 10:54:35]   + Converted XLSX -> Markdown table
[2026-05-17 10:54:35] Processing XLSX: PŘ_osnovy.xlsx
[2026-05-17 10:54:37]   + Converted XLSX -> Markdown table
[2026-05-17 10:54:37] Processing XLSX: PŘÍ_osnovy.xlsx
[2026-05-17 10:54:39]   + Converted XLSX -> Markdown table
[2026-05-17 10:54:39] Processing XLSX: TV_osnovy.xlsx
[2026-05-17 10:54:41]   + Converted XLSX -> Markdown table
[2026-05-17 10:54:41] Processing XLSX: VL_osnovy.xlsx
[2026-05-17 10:54:43]   + Converted XLSX -> Markdown table
[2026-05-17 10:54:43] Processing XLSX: VV_osnovy.xlsx
[2026-05-17 10:54:45]   + Converted XLSX -> Markdown table
[2026-05-17 10:54:45] Processing XLSX: VkZ_ osnovy.xlsx
[2026-05-17 10:54:47]   + Converted XLSX -> Markdown table
[2026-05-17 10:54:47] Processing XLSX: Z_osnovy.xlsx
[2026-05-17 10:54:49]   + Converted XLSX -> Markdown table
[2026-05-17 10:54:49] Processing XLSX: CM_osnovy.xlsx
[2026-05-17 10:54:51]   + Converted XLSX -> Markdown table
[2026-05-17 10:54:51] Processing XLSX: CČJ_osnovy.xlsx
[2026-05-17 10:54:53]   + Converted XLSX -> Markdown table
[2026-05-17 10:54:53] Processing XLSX: EK.xlsx
[2026-05-17 10:54:55]   + Converted XLSX -> Markdown table
[2026-05-17 10:54:55] Processing XLSX: SP I - ATČ_osnovy.xlsx
[2026-05-17 10:54:57]   + Converted XLSX -> Markdown table
[2026-05-17 10:54:57] Processing XLSX: SP I - BAD_osnovy.xlsx
[2026-05-17 10:54:59]   + Converted XLSX -> Markdown table
[2026-05-17 10:54:59] Processing XLSX: SP I - BK_osnovy.xlsx
[2026-05-17 10:55:01]   + Converted XLSX -> Markdown table
[2026-05-17 10:55:01] Processing XLSX: SP I - BL_osnovy.xlsx
[2026-05-17 10:55:03]   + Converted XLSX -> Markdown table
[2026-05-17 10:55:03] Processing XLSX: SP I - FH_osnovy.xlsx
[2026-05-17 10:55:05]   + Converted XLSX -> Markdown table
[2026-05-17 10:55:05] Processing XLSX: SP I - G_osnovy.xlsx
[2026-05-17 10:55:07]   + Converted XLSX -> Markdown table
[2026-05-17 10:55:07] Processing XLSX: SP I - HČH_osnovy.xlsx
[2026-05-17 10:55:09]   + Converted XLSX -> Markdown table
[2026-05-17 10:55:09] Processing XLSX: SP I - In-line_osnovy.xlsx
[2026-05-17 10:55:11]   + Converted XLSX -> Markdown table
[2026-05-17 10:55:11] Processing XLSX: SP I - KO -FU_osnovy.xls
[2026-05-17 10:55:13]   + Converted XLSX -> Markdown table
[2026-05-17 10:55:13] Processing XLSX: SP I - LA_osnovy.xlsx
[2026-05-17 10:55:15]   + Converted XLSX -> Markdown table
[2026-05-17 10:55:15] Processing XLSX: SP I - MH_osnovy.xlsx
[2026-05-17 10:55:17]   + Converted XLSX -> Markdown table
[2026-05-17 10:55:17] Processing XLSX: SP I - ORB_osnovy.xlsx
[2026-05-17 10:55:19]   + Converted XLSX -> Markdown table
[2026-05-17 10:55:19] Processing XLSX: SP I - OT_osnovy.xlsx
[2026-05-17 10:55:21]   + Converted XLSX -> Markdown table
[2026-05-17 10:55:21] Processing XLSX: SP I - PH_osnovy.xlsx
[2026-05-17 10:55:23]   + Converted XLSX -> Markdown table
[2026-05-17 10:55:23] Processing XLSX: SP I - PV_osnovy.xlsx
[2026-05-17 10:55:25]   + Converted XLSX -> Markdown table
[2026-05-17 10:55:25] Processing XLSX: SP I - TRP_osnovy.xlsx
[2026-05-17 10:55:27]   + Converted XLSX -> Markdown table
[2026-05-17 10:55:27] Processing XLSX: SP I - VPP_osnovy.xlsx
[2026-05-17 10:55:29]   + Converted XLSX -> Markdown table
[2026-05-17 10:55:29] Processing XLSX: SP I - ÚPL_osnovy.xlsx
[2026-05-17 10:55:31]   + Converted XLSX -> Markdown table
[2026-05-17 10:55:31] Processing XLSX: TAB_osnovy.xlsx
[2026-05-17 10:55:33]   + Converted XLSX -> Markdown table
[2026-05-17 10:55:33] Processing XLSX: AJK osnovy.xlsx
[2026-05-17 10:55:35]   + Converted XLSX -> Markdown table
[2026-05-17 10:55:35] Processing XLSX: EK.xlsx
[2026-05-17 10:55:37]   + Converted XLSX -> Markdown table
[2026-05-17 10:55:37] Processing XLSX: NJK.xlsx
[2026-05-17 10:55:39]   + Converted XLSX -> Markdown table
[2026-05-17 10:55:39] Processing XLSX: AINF_osnovy.xlsx
[2026-05-17 10:55:41]   + Converted XLSX -> Markdown table
[2026-05-17 10:55:41] Processing XLSX: EK.xlsx
[2026-05-17 10:55:43]   + Converted XLSX -> Markdown table
[2026-05-17 10:55:43] Processing XLSX: HM.xlsx
[2026-05-17 10:55:45]   + Converted XLSX -> Markdown table
[2026-05-17 10:55:45] Processing XLSX: EK.xlsx
[2026-05-17 10:55:47]   + Converted XLSX -> Markdown table
[2026-05-17 10:55:47] Processing XLSX: SP II - ATČ_osnovy.xlsx
[2026-05-17 10:55:49]   + Converted XLSX -> Markdown table
[2026-05-17 10:55:49] Processing XLSX: SP II - BAD_osnovy.xlsx
[2026-05-17 10:55:51]   + Converted XLSX -> Markdown table
[2026-05-17 10:55:51] Processing XLSX: SP II - BA_osnovy.xlsx
[2026-05-17 10:55:53]   + Converted XLSX -> Markdown table
[2026-05-17 10:55:53] Processing XLSX: SP II - BK_osnovy.xlsx
[2026-05-17 10:55:55]   + Converted XLSX -> Markdown table
[2026-05-17 10:55:55] Processing XLSX: SP II - F-H_osnovy.xlsx
[2026-05-17 10:55:57]   + Converted XLSX -> Markdown table
[2026-05-17 10:55:57] Processing XLSX: SP II - FI_osnovy.xlsx
[2026-05-17 10:55:59]   + Converted XLSX -> Markdown table
[2026-05-17 10:55:59] Processing XLSX: SP II - FR_osnovy.xlsx
[2026-05-17 10:56:01]   + Converted XLSX -> Markdown table
[2026-05-17 10:56:01] Processing XLSX: SP II - GYM_osnovy.xlsx
[2026-05-17 10:56:03]   + Converted XLSX -> Markdown table
[2026-05-17 10:56:03] Processing XLSX: SP II - IN-L_osnovy.xlsx
[2026-05-17 10:56:05]   + Converted XLSX -> Markdown table
[2026-05-17 10:56:05] Processing XLSX: SP II - KC_osnovy.xlsx
[2026-05-17 10:56:07]   + Converted XLSX -> Markdown table
[2026-05-17 10:56:07] Processing XLSX: SP II - KO-FU_osnovy.xlsx
[2026-05-17 10:56:09]   + Converted XLSX -> Markdown table
[2026-05-17 10:56:09] Processing XLSX: SP II - LA_osnovy.xlsx
[2026-05-17 10:56:11]   + Converted XLSX -> Markdown table
[2026-05-17 10:56:11] Processing XLSX: SP II - MH_osnovy.xlsx
[2026-05-17 10:56:13]   + Converted XLSX -> Markdown table
[2026-05-17 10:56:13] Processing XLSX: SP II - OB_osnovy.xlsx
[2026-05-17 10:56:15]   + Converted XLSX -> Markdown table
[2026-05-17 10:56:15] Processing XLSX: SP II - PV_osnovy.xlsx
[2026-05-17 10:56:17]   + Converted XLSX -> Markdown table
[2026-05-17 10:56:17] Processing XLSX: SP II - SO_osnovy.xlsx
[2026-05-17 10:56:19]   + Converted XLSX -> Markdown table
[2026-05-17 10:56:19] Processing XLSX: SP II - SQ_osnovy.xlsx
[2026-05-17 10:56:21]   + Converted XLSX -> Markdown table
[2026-05-17 10:56:21] Processing XLSX: SP II - ST_osnovy.xlsx
[2026-05-17 10:56:23]   + Converted XLSX -> Markdown table
[2026-05-17 10:56:23] Processing XLSX: SP II - ÚS_osnovy.xlsx
[2026-05-17 10:56:25]   + Converted XLSX -> Markdown table
[2026-05-17 10:56:25] Processing DOCX: P1.docx
[2026-05-17 10:56:28]   + Converted DOCX -> Markdown
[2026-05-17 10:56:28] Processing DOCX: P10.docx
[2026-05-17 10:56:30]   + Converted DOCX -> Markdown
[2026-05-17 10:56:30] Processing DOCX: P11.docx
[2026-05-17 10:56:32]   + Converted DOCX -> Markdown
[2026-05-17 10:56:32] Processing DOCX: P2.docx
[2026-05-17 10:56:34]   + Converted DOCX -> Markdown
[2026-05-17 10:56:34] Processing DOCX: P3.docx
[2026-05-17 10:56:37]   + Converted DOCX -> Markdown
[2026-05-17 10:56:37] Processing DOCX: P4.docx
[2026-05-17 10:56:39]   + Converted DOCX -> Markdown
[2026-05-17 10:56:39] Processing DOCX: P5.docx
[2026-05-17 10:56:41]   + Converted DOCX -> Markdown
[2026-05-17 10:56:41] Processing DOCX: P6.docx
[2026-05-17 10:56:43]   + Converted DOCX -> Markdown
[2026-05-17 10:56:43] Processing DOCX: P7.docx
[2026-05-17 10:56:45]   + Converted DOCX -> Markdown
[2026-05-17 10:56:46] Processing DOCX: P8.docx
[2026-05-17 10:56:48]   + Converted DOCX -> Markdown
[2026-05-17 10:56:48] Processing DOCX: P9.docx
[2026-05-17 10:56:50]   + Converted DOCX -> Markdown
[2026-05-17 10:56:50] Processing XLSX: EGS.xlsx
[2026-05-17 10:56:52]   + Converted XLSX -> Markdown table
[2026-05-17 10:56:52] Processing XLSX: EV.xlsx
[2026-05-17 10:56:54]   + Converted XLSX -> Markdown table
[2026-05-17 10:56:54] Processing XLSX: MDV.xlsx
[2026-05-17 10:56:55]   + Converted XLSX -> Markdown table
[2026-05-17 10:56:56] Processing XLSX: MKV.xlsx
[2026-05-17 10:56:57]   + Converted XLSX -> Markdown table
[2026-05-17 10:56:57] Processing XLSX: OSV.xlsx
[2026-05-17 10:56:59]   + Converted XLSX -> Markdown table
[2026-05-17 10:56:59] Processing XLSX: VDO.xlsx
[2026-05-17 10:57:01]   + Converted XLSX -> Markdown table
[2026-05-17 10:57:01] Processing PDF: ŠVP-2025-2026.pdf
[2026-05-17 10:57:11]   + Converted PDF (text-based) -> Markdown
[2026-05-17 10:57:11] =========================================
[2026-05-17 10:57:11] Transformation complete: Sun May 17 10:57:11 CEST 2026
[2026-05-17 10:57:11] total=93 converted=93 failed=0 skipped=0
[2026-05-17 10:57:11] =========================================
